#-----------------------------------------------------------
# Vivado v2015.4.2 (64-bit)
# SW Build 1494164 on Fri Feb 26 04:18:56 MST 2016
# IP Build 1491208 on Wed Feb 24 03:25:39 MST 2016
# Start of session at: Mon May 08 10:23:07 2017
# Process ID: 4876
# Current directory: C:/Users/Administrator/Desktop/project_2
# Command line: vivado.exe -gui_launcher_event rodinguilauncherevent4576 C:\Users\Administrator\Desktop\project_2\project_2.xpr
# Log file: C:/Users/Administrator/Desktop/project_2/vivado.log
# Journal file: C:/Users/Administrator/Desktop/project_2\vivado.jou
#-----------------------------------------------------------
start_gui
open_project C:/Users/Administrator/Desktop/project_2/project_2.xpr
INFO: [Project 1-313] Project file moved from 'C:/Users/Administrator/project_2' since last save.
Scanning sources...
Finished scanning sources
INFO: [IP_Flow 19-234] Refreshing IP repositories
INFO: [IP_Flow 19-1704] No user IP repositories specified
INFO: [IP_Flow 19-2313] Loaded Vivado IP repository 'C:/Xilinx/Vivado/2015.4/data/ip'.
launch_simulation
INFO: [USF-XSim-27] Simulation object is 'sim_1'
INFO: [USF-XSim-37] Inspecting design source files for 'DataMemory_tb' in fileset 'sim_1'...
INFO: [USF-XSim-97] Finding global include files...
INFO: [USF-XSim-98] Fetching design files from 'sim_1'...
INFO: [USF-XSim-2] XSim::Compile design
INFO: [USF-XSim-61] Executing 'COMPILE' step in 'C:/Users/Administrator/Desktop/project_2/project_2.sim/sim_1/behav'
"xvlog -m64 --relax -prj DataMemory_tb_vlog.prj"
INFO: [VRFC 10-2263] Analyzing Verilog file "C:/Users/Administrator/Desktop/project_2/project_2.srcs/sources_1/new/dataMem.v" into library xil_defaultlib
INFO: [VRFC 10-311] analyzing module DataMemory
INFO: [VRFC 10-2263] Analyzing Verilog file "C:/Users/Administrator/Desktop/project_2/project_2.srcs/sim_1/new/dataMem_tb.v" into library xil_defaultlib
INFO: [VRFC 10-311] analyzing module DataMemory_tb
INFO: [VRFC 10-2263] Analyzing Verilog file "C:/Users/Administrator/Desktop/project_2/project_2.sim/sim_1/behav/glbl.v" into library xil_defaultlib
INFO: [VRFC 10-311] analyzing module glbl
INFO: [USF-XSim-3] XSim::Elaborate design
INFO: [USF-XSim-61] Executing 'ELABORATE' step in 'C:/Users/Administrator/Desktop/project_2/project_2.sim/sim_1/behav'
Vivado Simulator 2015.4
Copyright 1986-1999, 2001-2015 Xilinx, Inc. All Rights Reserved.
Running: C:/Xilinx/Vivado/2015.4/bin/unwrapped/win64.o/xelab.exe -wto 6f3b2817bc274d5fa75994ffa9f6d074 --debug typical --relax --mt 2 -L xil_defaultlib -L unisims_ver -L unimacro_ver -L secureip --snapshot DataMemory_tb_behav xil_defaultlib.DataMemory_tb xil_defaultlib.glbl -log elaborate.log 
Using 2 slave threads.
Starting static elaboration
Completed static elaboration
Starting simulation data flow analysis
WARNING: [XSIM 43-4100] "C:/Users/Administrator/Desktop/project_2/project_2.sim/sim_1/behav/glbl.v" Line 6. Module glbl has a timescale but at least one module in design doesn't have timescale.
WARNING: [XSIM 43-4100] "C:/Users/Administrator/Desktop/project_2/project_2.sim/sim_1/behav/glbl.v" Line 6. Module glbl has a timescale but at least one module in design doesn't have timescale.
Completed simulation data flow analysis
Time Resolution for simulation is 1ps
Compiling module xil_defaultlib.DataMemory
Compiling module xil_defaultlib.DataMemory_tb
Compiling module xil_defaultlib.glbl
Built simulation snapshot DataMemory_tb_behav

****** Webtalk v2015.4.2 (64-bit)
  **** SW Build 1494164 on Fri Feb 26 04:18:56 MST 2016
  **** IP Build 1491208 on Wed Feb 24 03:25:39 MST 2016
    ** Copyright 1986-2015 Xilinx, Inc. All Rights Reserved.

source C:/Users/Administrator/Desktop/project_2/project_2.sim/sim_1/behav/xsim.dir/DataMemory_tb_behav/webtalk/xsim_webtalk.tcl -notrace
INFO: [Common 17-206] Exiting Webtalk at Mon May 08 10:36:50 2017...
INFO: [USF-XSim-4] XSim::Simulate design
INFO: [USF-XSim-61] Executing 'SIMULATE' step in 'C:/Users/Administrator/Desktop/project_2/project_2.sim/sim_1/behav'
INFO: [USF-XSim-98] *** Running xsim
   with args "DataMemory_tb_behav -key {Behavioral:sim_1:Functional:DataMemory_tb} -tclbatch {DataMemory_tb.tcl} -log {simulate.log}"
INFO: [USF-XSim-8] Loading simulator feature
Vivado Simulator 2015.4
Time resolution is 1 ps
source DataMemory_tb.tcl
# set curr_wave [current_wave_config]
# if { [string length $curr_wave] == 0 } {
#   if { [llength [get_objects]] > 0} {
#     add_wave /
#     set_property needs_save false [current_wave_config]
#   } else {
#      send_msg_id Add_Wave-1 WARNING "No top level signals found. Simulator will start without a wave window. If you want to open a wave window go to 'File->New Waveform Configuration' or type 'create_wave_config' in the TCL console."
#   }
# }
# run 1000ns
$finish called at time : 11 ns : File "C:/Users/Administrator/Desktop/project_2/project_2.srcs/sim_1/new/dataMem_tb.v" Line 16
INFO: [USF-XSim-96] XSim completed. Design snapshot 'DataMemory_tb_behav' loaded.
INFO: [USF-XSim-97] XSim simulation ran for 1000ns
close_sim
INFO: [Simtcl 6-16] Simulation closed
launch_simulation
INFO: [USF-XSim-27] Simulation object is 'sim_1'
INFO: [USF-XSim-37] Inspecting design source files for 'DataMemory_tb' in fileset 'sim_1'...
INFO: [USF-XSim-97] Finding global include files...
INFO: [USF-XSim-98] Fetching design files from 'sim_1'...
INFO: [USF-XSim-2] XSim::Compile design
INFO: [USF-XSim-61] Executing 'COMPILE' step in 'C:/Users/Administrator/Desktop/project_2/project_2.sim/sim_1/behav'
"xvlog -m64 --relax -prj DataMemory_tb_vlog.prj"
INFO: [VRFC 10-2263] Analyzing Verilog file "C:/Users/Administrator/Desktop/project_2/project_2.srcs/sources_1/new/dataMem.v" into library xil_defaultlib
INFO: [VRFC 10-311] analyzing module DataMemory
INFO: [VRFC 10-2263] Analyzing Verilog file "C:/Users/Administrator/Desktop/project_2/project_2.srcs/sim_1/new/dataMem_tb.v" into library xil_defaultlib
INFO: [VRFC 10-311] analyzing module DataMemory_tb
INFO: [VRFC 10-2263] Analyzing Verilog file "C:/Users/Administrator/Desktop/project_2/project_2.sim/sim_1/behav/glbl.v" into library xil_defaultlib
INFO: [VRFC 10-311] analyzing module glbl
INFO: [USF-XSim-3] XSim::Elaborate design
INFO: [USF-XSim-61] Executing 'ELABORATE' step in 'C:/Users/Administrator/Desktop/project_2/project_2.sim/sim_1/behav'
Vivado Simulator 2015.4
Copyright 1986-1999, 2001-2015 Xilinx, Inc. All Rights Reserved.
Running: C:/Xilinx/Vivado/2015.4/bin/unwrapped/win64.o/xelab.exe -wto 6f3b2817bc274d5fa75994ffa9f6d074 --debug typical --relax --mt 2 -L xil_defaultlib -L unisims_ver -L unimacro_ver -L secureip --snapshot DataMemory_tb_behav xil_defaultlib.DataMemory_tb xil_defaultlib.glbl -log elaborate.log 
Using 2 slave threads.
Starting static elaboration
Completed static elaboration
Starting simulation data flow analysis
WARNING: [XSIM 43-4100] "C:/Users/Administrator/Desktop/project_2/project_2.sim/sim_1/behav/glbl.v" Line 6. Module glbl has a timescale but at least one module in design doesn't have timescale.
WARNING: [XSIM 43-4100] "C:/Users/Administrator/Desktop/project_2/project_2.sim/sim_1/behav/glbl.v" Line 6. Module glbl has a timescale but at least one module in design doesn't have timescale.
Completed simulation data flow analysis
Time Resolution for simulation is 1ps
Compiling module xil_defaultlib.DataMemory
Compiling module xil_defaultlib.DataMemory_tb
Compiling module xil_defaultlib.glbl
Built simulation snapshot DataMemory_tb_behav

****** Webtalk v2015.4.2 (64-bit)
  **** SW Build 1494164 on Fri Feb 26 04:18:56 MST 2016
  **** IP Build 1491208 on Wed Feb 24 03:25:39 MST 2016
    ** Copyright 1986-2015 Xilinx, Inc. All Rights Reserved.

source C:/Users/Administrator/Desktop/project_2/project_2.sim/sim_1/behav/xsim.dir/DataMemory_tb_behav/webtalk/xsim_webtalk.tcl -notrace
INFO: [Common 17-206] Exiting Webtalk at Mon May 08 10:37:18 2017...
INFO: [USF-XSim-4] XSim::Simulate design
INFO: [USF-XSim-61] Executing 'SIMULATE' step in 'C:/Users/Administrator/Desktop/project_2/project_2.sim/sim_1/behav'
INFO: [USF-XSim-98] *** Running xsim
   with args "DataMemory_tb_behav -key {Behavioral:sim_1:Functional:DataMemory_tb} -tclbatch {DataMemory_tb.tcl} -log {simulate.log}"
INFO: [USF-XSim-8] Loading simulator feature
Vivado Simulator 2015.4
Time resolution is 1 ps
source DataMemory_tb.tcl
# set curr_wave [current_wave_config]
# if { [string length $curr_wave] == 0 } {
#   if { [llength [get_objects]] > 0} {
#     add_wave /
#     set_property needs_save false [current_wave_config]
#   } else {
#      send_msg_id Add_Wave-1 WARNING "No top level signals found. Simulator will start without a wave window. If you want to open a wave window go to 'File->New Waveform Configuration' or type 'create_wave_config' in the TCL console."
#   }
# }
# run 1000ns
$finish called at time : 11 ns : File "C:/Users/Administrator/Desktop/project_2/project_2.srcs/sim_1/new/dataMem_tb.v" Line 16
INFO: [USF-XSim-96] XSim completed. Design snapshot 'DataMemory_tb_behav' loaded.
INFO: [USF-XSim-97] XSim simulation ran for 1000ns
close_sim
INFO: [Simtcl 6-16] Simulation closed
exit
INFO: [Common 17-206] Exiting Vivado at Mon May 08 10:37:26 2017...
