Copyright 1986-2015 Xilinx, Inc. All Rights Reserved.
------------------------------------------------------------------------------------------
| Tool Version     : Vivado v.2015.4.2 (win64) Build 1494164 Fri Feb 26 04:18:56 MST 2016
| Date             : Sat Jul 08 09:33:54 2017
| Host             : R304PC15 running 64-bit Service Pack 1  (build 7601)
| Command          : 
| Design           : mips_16
| Device           : xc7a35tcsg324-1
| Design State     : routed
| Grade            : commercial
| Process          : typical
| Characterization : Production
------------------------------------------------------------------------------------------

Power Report

Table of Contents
-----------------
1. Summary
1.1 On-Chip Components
1.2 Power Supply Summary
1.3 Confidence Level
2. Settings
2.1 Environment
2.2 Clock Constraints
3. Detailed Reports
3.1 By Hierarchy

1. Summary
----------

+--------------------------+-------+
| Total On-Chip Power (W)  | 7.274 |
| Dynamic (W)              | 7.171 |
| Device Static (W)        | 0.103 |
| Effective TJA (C/W)      | 4.8   |
| Max Ambient (C)          | 50.2  |
| Junction Temperature (C) | 59.8  |
| Confidence Level         | Low   |
| Setting File             | ---   |
| Simulation Activity File | ---   |
| Design Nets Matched      | NA    |
+--------------------------+-------+


1.1 On-Chip Components
----------------------

+--------------------------+-----------+----------+-----------+-----------------+
| On-Chip                  | Power (W) | Used     | Available | Utilization (%) |
+--------------------------+-----------+----------+-----------+-----------------+
| Slice Logic              |     0.287 |      439 |       --- |             --- |
|   LUT as Logic           |     0.263 |      176 |     20800 |            0.85 |
|   CARRY4                 |     0.011 |       14 |      8150 |            0.17 |
|   Register               |     0.008 |      112 |     41600 |            0.27 |
|   BUFG                   |     0.006 |        1 |        32 |            3.13 |
|   LUT as Distributed RAM |    <0.001 |       64 |      9600 |            0.67 |
|   F7/F8 Muxes            |    <0.001 |       48 |     32600 |            0.15 |
|   Others                 |     0.000 |        7 |       --- |             --- |
| Signals                  |     0.392 |      318 |       --- |             --- |
| I/O                      |     6.492 |       82 |       210 |           39.05 |
| Static Power             |     0.103 |          |           |                 |
| Total                    |     7.274 |          |           |                 |
+--------------------------+-----------+----------+-----------+-----------------+


1.2 Power Supply Summary
------------------------

+-----------+-------------+-----------+-------------+------------+
| Source    | Voltage (V) | Total (A) | Dynamic (A) | Static (A) |
+-----------+-------------+-----------+-------------+------------+
| Vccint    |       1.000 |     0.720 |       0.683 |      0.036 |
| Vccaux    |       1.800 |     0.546 |       0.531 |      0.015 |
| Vcco33    |       3.300 |     0.000 |       0.000 |      0.000 |
| Vcco25    |       2.500 |     0.000 |       0.000 |      0.000 |
| Vcco18    |       1.800 |     3.074 |       3.073 |      0.001 |
| Vcco15    |       1.500 |     0.000 |       0.000 |      0.000 |
| Vcco135   |       1.350 |     0.000 |       0.000 |      0.000 |
| Vcco12    |       1.200 |     0.000 |       0.000 |      0.000 |
| Vccaux_io |       1.800 |     0.000 |       0.000 |      0.000 |
| Vccbram   |       1.000 |     0.001 |       0.000 |      0.001 |
| MGTAVcc   |       1.000 |     0.000 |       0.000 |      0.000 |
| MGTAVtt   |       1.200 |     0.000 |       0.000 |      0.000 |
| Vccadc    |       1.800 |     0.020 |       0.000 |      0.020 |
+-----------+-------------+-----------+-------------+------------+


1.3 Confidence Level
--------------------

+-----------------------------+------------+--------------------------------------------------------+--------------------------------------------------------------------------------------------------------------------+
| User Input Data             | Confidence | Details                                                | Action                                                                                                             |
+-----------------------------+------------+--------------------------------------------------------+--------------------------------------------------------------------------------------------------------------------+
| Design implementation state | High       | Design is routed                                       |                                                                                                                    |
| Clock nodes activity        | Low        | User specified less than 75% of clocks                 | Provide missing clock activity with a constraint file, simulation results or by editing the "By Clock Domain" view |
| I/O nodes activity          | Low        | More than 75% of inputs are missing user specification | Provide missing input activity with simulation results or by editing the "By Resource Type -> I/Os" view           |
| Internal nodes activity     | Medium     | User specified less than 25% of internal nodes         | Provide missing internal nodes activity with simulation results or by editing the "By Resource Type" views         |
| Device models               | High       | Device models are Production                           |                                                                                                                    |
|                             |            |                                                        |                                                                                                                    |
| Overall confidence level    | Low        |                                                        |                                                                                                                    |
+-----------------------------+------------+--------------------------------------------------------+--------------------------------------------------------------------------------------------------------------------+


2. Settings
-----------

2.1 Environment
---------------

+-----------------------+--------------------------+
| Ambient Temp (C)      | 25.0                     |
| ThetaJA (C/W)         | 4.8                      |
| Airflow (LFM)         | 250                      |
| Heat Sink             | medium (Medium Profile)  |
| ThetaSA (C/W)         | 4.6                      |
| Board Selection       | medium (10"x10")         |
| # of Board Layers     | 12to15 (12 to 15 Layers) |
| Board Temperature (C) | 25.0                     |
+-----------------------+--------------------------+


2.2 Clock Constraints
---------------------

+-------+--------+-----------------+
| Clock | Domain | Constraint (ns) |
+-------+--------+-----------------+


3. Detailed Reports
-------------------

3.1 By Hierarchy
----------------

+-------------------------+-----------+
| Name                    | Power (W) |
+-------------------------+-----------+
| mips_16                 |     7.171 |
|   alu_unit              |     0.023 |
|   datamem               |     0.045 |
|     ram_reg_0_255_0_0   |    <0.001 |
|     ram_reg_0_255_10_10 |    <0.001 |
|     ram_reg_0_255_11_11 |    <0.001 |
|     ram_reg_0_255_12_12 |    <0.001 |
|     ram_reg_0_255_13_13 |    <0.001 |
|     ram_reg_0_255_14_14 |    <0.001 |
|     ram_reg_0_255_15_15 |    <0.001 |
|     ram_reg_0_255_1_1   |    <0.001 |
|     ram_reg_0_255_2_2   |    <0.001 |
|     ram_reg_0_255_3_3   |    <0.001 |
|     ram_reg_0_255_4_4   |    <0.001 |
|     ram_reg_0_255_5_5   |    <0.001 |
|     ram_reg_0_255_6_6   |    <0.001 |
|     ram_reg_0_255_7_7   |    <0.001 |
|     ram_reg_0_255_8_8   |    <0.001 |
|     ram_reg_0_255_9_9   |    <0.001 |
|   reg_file              |     0.260 |
+-------------------------+-----------+


