#-----------------------------------------------------------
# Vivado v2015.4.2 (64-bit)
# SW Build 1494164 on Fri Feb 26 04:18:56 MST 2016
# IP Build 1491208 on Wed Feb 24 03:25:39 MST 2016
# Start of session at: Thu Mar 30 21:48:35 2017
# Process ID: 12044
# Current directory: D:/number logic/4.4_2
# Command line: vivado.exe -gui_launcher_event rodinguilauncherevent15048 D:\number logic\4.4_2\4.4_2.xpr
# Log file: D:/number logic/4.4_2/vivado.log
# Journal file: D:/number logic/4.4_2\vivado.jou
#-----------------------------------------------------------
start_gui
open_project {D:/number logic/4.4_2/4.4_2.xpr}
Scanning sources...
Finished scanning sources
INFO: [IP_Flow 19-234] Refreshing IP repositories
INFO: [IP_Flow 19-1704] No user IP repositories specified
INFO: [IP_Flow 19-2313] Loaded Vivado IP repository 'F:/Xilinx_vivado/Vivado/2015.4/data/ip'.
open_project: Time (s): cpu = 00:00:19 ; elapsed = 00:00:13 . Memory (MB): peak = 735.914 ; gain = 137.621
reset_run synth_1
launch_runs synth_1
INFO: [HDL 9-2216] Analyzing Verilog file "D:/number logic/4.4_2/4.4_2.srcs/sources_1/new/BUTTON.v" into library work [D:/number logic/4.4_2/4.4_2.srcs/sources_1/new/BUTTON.v:1]
INFO: [HDL 9-2216] Analyzing Verilog file "D:/number logic/4.4_2/4.4_2.srcs/sources_1/new/CLKDIV.v" into library work [D:/number logic/4.4_2/4.4_2.srcs/sources_1/new/CLKDIV.v:1]
INFO: [HDL 9-2216] Analyzing Verilog file "D:/number logic/4.4_2/4.4_2.srcs/sources_1/new/GPU.v" into library work [D:/number logic/4.4_2/4.4_2.srcs/sources_1/new/GPU.v:1]
INFO: [HDL 9-2216] Analyzing Verilog file "D:/number logic/4.4_2/4.4_2.srcs/sources_1/new/SEG.v" into library work [D:/number logic/4.4_2/4.4_2.srcs/sources_1/new/SEG.v:1]
INFO: [HDL 9-2216] Analyzing Verilog file "D:/number logic/4.4_2/4.4_2.srcs/sources_1/new/TOP.v" into library work [D:/number logic/4.4_2/4.4_2.srcs/sources_1/new/TOP.v:1]
[Thu Mar 30 21:49:34 2017] Launched synth_1...
Run output will be captured here: D:/number logic/4.4_2/4.4_2.runs/synth_1/runme.log
launch_runs impl_1
[Thu Mar 30 21:50:21 2017] Launched impl_1...
Run output will be captured here: D:/number logic/4.4_2/4.4_2.runs/impl_1/runme.log
reset_run impl_1
exit
INFO: [Common 17-206] Exiting Vivado at Thu Mar 30 21:51:29 2017...
